Determining if the pthread_create exist failed with the following output:
Change Dir: /home/laura/programmiersprachen-aufgabenblatt-3/build/CMakeFiles/CMakeTmp

Run Build Command:"/usr/bin/make" "cmTC_71103/fast"
/usr/bin/make -f CMakeFiles/cmTC_71103.dir/build.make CMakeFiles/cmTC_71103.dir/build
make[1]: Verzeichnis „/home/laura/programmiersprachen-aufgabenblatt-3/build/CMakeFiles/CMakeTmp“ wird betreten
Building C object CMakeFiles/cmTC_71103.dir/CheckSymbolExists.c.o
/usr/bin/cc     -o CMakeFiles/cmTC_71103.dir/CheckSymbolExists.c.o   -c /home/laura/programmiersprachen-aufgabenblatt-3/build/CMakeFiles/CMakeTmp/CheckSymbolExists.c
Linking C executable cmTC_71103
/usr/bin/cmake -E cmake_link_script CMakeFiles/cmTC_71103.dir/link.txt --verbose=1
/usr/bin/cc       CMakeFiles/cmTC_71103.dir/CheckSymbolExists.c.o  -o cmTC_71103 -rdynamic 
CMakeFiles/cmTC_71103.dir/CheckSymbolExists.c.o: In Funktion `main':
CheckSymbolExists.c:(.text+0x1b): Nicht definierter Verweis auf `pthread_create'
collect2: error: ld returned 1 exit status
CMakeFiles/cmTC_71103.dir/build.make:97: die Regel für Ziel „cmTC_71103“ scheiterte
make[1]: *** [cmTC_71103] Fehler 1
make[1]: Verzeichnis „/home/laura/programmiersprachen-aufgabenblatt-3/build/CMakeFiles/CMakeTmp“ wird verlassen
Makefile:126: die Regel für Ziel „cmTC_71103/fast“ scheiterte
make: *** [cmTC_71103/fast] Fehler 2

File /home/laura/programmiersprachen-aufgabenblatt-3/build/CMakeFiles/CMakeTmp/CheckSymbolExists.c:
/* */
#include <pthread.h>

int main(int argc, char** argv)
{
  (void)argv;
#ifndef pthread_create
  return ((int*)(&pthread_create))[argc];
#else
  (void)argc;
  return 0;
#endif
}

Determining if the function pthread_create exists in the pthreads failed with the following output:
Change Dir: /home/laura/programmiersprachen-aufgabenblatt-3/build/CMakeFiles/CMakeTmp

Run Build Command:"/usr/bin/make" "cmTC_74a67/fast"
/usr/bin/make -f CMakeFiles/cmTC_74a67.dir/build.make CMakeFiles/cmTC_74a67.dir/build
make[1]: Verzeichnis „/home/laura/programmiersprachen-aufgabenblatt-3/build/CMakeFiles/CMakeTmp“ wird betreten
Building C object CMakeFiles/cmTC_74a67.dir/CheckFunctionExists.c.o
/usr/bin/cc    -DCHECK_FUNCTION_EXISTS=pthread_create   -o CMakeFiles/cmTC_74a67.dir/CheckFunctionExists.c.o   -c /usr/share/cmake-3.7/Modules/CheckFunctionExists.c
Linking C executable cmTC_74a67
/usr/bin/cmake -E cmake_link_script CMakeFiles/cmTC_74a67.dir/link.txt --verbose=1
/usr/bin/cc   -DCHECK_FUNCTION_EXISTS=pthread_create    CMakeFiles/cmTC_74a67.dir/CheckFunctionExists.c.o  -o cmTC_74a67 -rdynamic -lpthreads 
/usr/bin/ld: cannot find -lpthreads
collect2: error: ld returned 1 exit status
CMakeFiles/cmTC_74a67.dir/build.make:97: die Regel für Ziel „cmTC_74a67“ scheiterte
make[1]: *** [cmTC_74a67] Fehler 1
make[1]: Verzeichnis „/home/laura/programmiersprachen-aufgabenblatt-3/build/CMakeFiles/CMakeTmp“ wird verlassen
Makefile:126: die Regel für Ziel „cmTC_74a67/fast“ scheiterte
make: *** [cmTC_74a67/fast] Fehler 2


